<?xml version="1.0" encoding="UTF-8"?>
<!-- Generated by org.testng.reporters.JUnitXMLReporter -->
<testsuite ignored="0" hostname="ManojKrishnan" failures="0" tests="3" name="Default test" time="0.069" errors="0" timestamp="2022-08-30T09:15:00 IST">
  <testcase classname="A97_Pattern_Program" name="ThreePattern" time="0.017"/>
  <testcase classname="A97_Pattern_Program" name="SevenPattern" time="0.003"/>
  <testcase classname="A97_Pattern_Program" name="DiagonalShape" time="0.001"/>
</testsuite> <!-- Default test -->
